<?xml version="1.0" encoding="UTF-8"?>
<!-- Generated by org.testng.reporters.JUnitReportReporter -->
<testsuite hostname="DESKTOP-I39SPR2" failures="0" tests="1" name="PortalDev.drawer" time="75.952" errors="0" timestamp="05 Sep 2022 14:28:49 GMT" skipped="0">
  <testcase classname="PortalDev.drawer" name="TestVerify" time="75.952"/>
</testsuite> <!-- PortalDev.drawer -->
