<?xml version="1.0" encoding="UTF-8"?>
<!-- Generated by org.testng.reporters.JUnitReportReporter -->
<testsuite hostname="DESKTOP-I39SPR2" failures="0" tests="1" name="PortalDev.Portalken" time="113.946" errors="0" timestamp="05 Sep 2022 14:54:04 GMT" skipped="0">
  <testcase classname="PortalDev.Portalken" name="TestVerify" time="113.946"/>
</testsuite> <!-- PortalDev.Portalken -->
